<?xml version="1.0" encoding="UTF-8"?>
<!-- Generated by org.testng.reporters.JUnitReportReporter -->
<testsuite skipped="0" hostname="Michaels-MacBook-Pro.local" name="by.onliner.testcases.NewTestNGTest" tests="1" failures="0" timestamp="20 Dec 2017 12:27:12 GMT" time="32.634" errors="0">
  <testcase name="e2eOnlinerCatalogTest" time="32.634" classname="by.onliner.testcases.NewTestNGTest"/>
</testsuite> <!-- by.onliner.testcases.NewTestNGTest -->
